<?xml version="1.0" encoding="UTF-8"?>
<!-- Generated by org.testng.reporters.JUnitReportReporter -->
<testsuite skipped="0" hostname="ARUN" name="com.projArun.testCases.LoginTest" tests="4" failures="0" timestamp="08 Feb 2020 15:03:06 GMT" time="46.745" errors="0">
  <testcase name="enterfromCity" time="38.097" classname="com.projArun.testCases.LoginTest"/>
  <testcase name="entertoCity" time="3.643" classname="com.projArun.testCases.LoginTest"/>
  <testcase name="entertoCity" time="3.749" classname="com.projArun.testCases.LoginTest"/>
  <testcase name="enterfromCity" time="1.256" classname="com.projArun.testCases.LoginTest"/>
</testsuite> <!-- com.projArun.testCases.LoginTest -->
